{
  "stats": {
    "suites": 2,
    "tests": 3,
    "passes": 3,
    "pending": 0,
    "failures": 0,
    "start": "2023-12-20T02:16:56.615Z",
    "end": "2023-12-20T02:17:21.014Z",
    "duration": 24399,
    "testsRegistered": 3,
    "passPercent": 100,
    "pendingPercent": 0,
    "other": 0,
    "hasOther": false,
    "skipped": 0,
    "hasSkipped": false
  },
  "results": [
    {
      "uuid": "6971742c-7ed5-49cd-b55c-fc04c5c1fe82",
      "title": "",
      "fullFile": "cypress\\e2e\\Primeiro Test\\Segundo Test\\Checkout.cy.js",
      "file": "cypress\\e2e\\Primeiro Test\\Segundo Test\\Checkout.cy.js",
      "beforeHooks": [],
      "afterHooks": [],
      "tests": [],
      "suites": [
        {
          "uuid": "295b2df7-8dc5-4b7f-8406-45a5cf8d370f",
          "title": "Fazendo o fluxo de chekout",
          "fullFile": "",
          "file": "",
          "beforeHooks": [],
          "afterHooks": [],
          "tests": [],
          "suites": [
            {
              "uuid": "30d1b3ed-1673-41c9-82e9-ddffa9bf2d90",
              "title": "Fazendo checkout utilizando AppActions",
              "fullFile": "",
              "file": "",
              "beforeHooks": [],
              "afterHooks": [],
              "tests": [
                {
                  "title": "Given que eu coloque o email teste.testinha@gmail.com e a senha 123456Jesus",
                  "fullTitle": "Fazendo o fluxo de chekout Fazendo checkout utilizando AppActions Given que eu coloque o email teste.testinha@gmail.com e a senha 123456Jesus",
                  "timedOut": null,
                  "duration": 1144,
                  "state": "passed",
                  "speed": "fast",
                  "pass": true,
                  "fail": false,
                  "pending": false,
                  "context": null,
                  "code": "",
                  "err": {},
                  "uuid": "50d4e1d3-cb1f-40f9-9fd0-2d8d6726be9e",
                  "parentUUID": "30d1b3ed-1673-41c9-82e9-ddffa9bf2d90",
                  "isHook": false,
                  "skipped": false
                },
                {
                  "title": "When escolha um produto e selecione as opções de cor, tamanho e quantidade e ir no carrinho",
                  "fullTitle": "Fazendo o fluxo de chekout Fazendo checkout utilizando AppActions When escolha um produto e selecione as opções de cor, tamanho e quantidade e ir no carrinho",
                  "timedOut": null,
                  "duration": 21718,
                  "state": "passed",
                  "speed": "slow",
                  "pass": true,
                  "fail": false,
                  "pending": false,
                  "context": null,
                  "code": "cy.produto();\ncheckoutCupom.cupom.should(\"be.visible\");",
                  "err": {},
                  "uuid": "5d9c9ff0-e37f-439a-9f82-e5ffd4f7d972",
                  "parentUUID": "30d1b3ed-1673-41c9-82e9-ddffa9bf2d90",
                  "isHook": false,
                  "skipped": false
                },
                {
                  "title": "Then devo ser direcionado para página de checkout e preencher os campos",
                  "fullTitle": "Fazendo o fluxo de chekout Fazendo checkout utilizando AppActions Then devo ser direcionado para página de checkout e preencher os campos",
                  "timedOut": null,
                  "duration": 1333,
                  "state": "passed",
                  "speed": "fast",
                  "pass": true,
                  "fail": false,
                  "pending": false,
                  "context": null,
                  "code": "cy.checkout(dados.nome, dados.sobrenome, dados.país, dados.endereço, dados.cidade, dados.estado, dados.cep, dados.telefone);",
                  "err": {},
                  "uuid": "deea1f9f-0ee3-43e8-839e-79b0279e0cd7",
                  "parentUUID": "30d1b3ed-1673-41c9-82e9-ddffa9bf2d90",
                  "isHook": false,
                  "skipped": false
                }
              ],
              "suites": [],
              "passes": [
                "50d4e1d3-cb1f-40f9-9fd0-2d8d6726be9e",
                "5d9c9ff0-e37f-439a-9f82-e5ffd4f7d972",
                "deea1f9f-0ee3-43e8-839e-79b0279e0cd7"
              ],
              "failures": [],
              "pending": [],
              "skipped": [],
              "duration": 24195,
              "root": false,
              "rootEmpty": false,
              "_timeout": 2000
            }
          ],
          "passes": [],
          "failures": [],
          "pending": [],
          "skipped": [],
          "duration": 0,
          "root": false,
          "rootEmpty": false,
          "_timeout": 2000
        }
      ],
      "passes": [],
      "failures": [],
      "pending": [],
      "skipped": [],
      "duration": 0,
      "root": true,
      "rootEmpty": true,
      "_timeout": 2000
    }
  ],
  "meta": {
    "mocha": {
      "version": "7.0.1"
    },
    "mochawesome": {
      "options": {
        "quiet": false,
        "reportFilename": "mochawesome",
        "saveHtml": false,
        "saveJson": true,
        "consoleReporter": "spec",
        "useInlineDiffs": false,
        "code": true
      },
      "version": "7.1.3"
    },
    "marge": {
      "options": {
        "reportDir": "cypress/results",
        "overwrite": false,
        "html": false,
        "json": true
      },
      "version": "6.2.0"
    }
  }
}