{
  "stats": {
    "suites": 3,
    "tests": 5,
    "passes": 4,
    "pending": 0,
    "failures": 1,
    "start": "2023-12-20T02:16:01.143Z",
    "end": "2023-12-20T02:16:36.585Z",
    "duration": 35442,
    "testsRegistered": 5,
    "passPercent": 80,
    "pendingPercent": 0,
    "other": 0,
    "hasOther": false,
    "skipped": 0,
    "hasSkipped": false
  },
  "results": [
    {
      "uuid": "724f8b86-2f43-4aa0-b7b5-f496c0d4e10a",
      "title": "",
      "fullFile": "cypress\\e2e\\Primeiro Test\\Cadastro.cy.js",
      "file": "cypress\\e2e\\Primeiro Test\\Cadastro.cy.js",
      "beforeHooks": [],
      "afterHooks": [],
      "tests": [],
      "suites": [
        {
          "uuid": "f04e79e6-91bb-4e9b-a46e-4a85a188c911",
          "title": "Cadastrando um novo usuário e fazendo login",
          "fullFile": "",
          "file": "",
          "beforeHooks": [],
          "afterHooks": [],
          "tests": [],
          "suites": [
            {
              "uuid": "3f7c4383-053e-4fb1-b2df-fc5f7ffad680",
              "title": "Cadastrar um novo usuário",
              "fullFile": "",
              "file": "",
              "beforeHooks": [],
              "afterHooks": [],
              "tests": [
                {
                  "title": "Given que eu visite a EBAC Store",
                  "fullTitle": "Cadastrando um novo usuário e fazendo login Cadastrar um novo usuário Given que eu visite a EBAC Store",
                  "timedOut": null,
                  "duration": 7013,
                  "state": "passed",
                  "speed": "medium",
                  "pass": true,
                  "fail": false,
                  "pending": false,
                  "context": null,
                  "code": "",
                  "err": {},
                  "uuid": "429c6ac8-c248-48ec-a64e-433f7b311b50",
                  "parentUUID": "3f7c4383-053e-4fb1-b2df-fc5f7ffad680",
                  "isHook": false,
                  "skipped": false
                },
                {
                  "title": "When eu colocar as credenciais já cadastradas na atividade teste.testinha@gmail.com e 123456Jesus",
                  "fullTitle": "Cadastrando um novo usuário e fazendo login Cadastrar um novo usuário When eu colocar as credenciais já cadastradas na atividade teste.testinha@gmail.com e 123456Jesus",
                  "timedOut": null,
                  "duration": 15351,
                  "state": "failed",
                  "speed": null,
                  "pass": false,
                  "fail": true,
                  "pending": false,
                  "context": null,
                  "code": "CadastroPag.Cadastro(dados.email, dados.senha);\ndashBoardErro.ErrorConfirm.should(\"be.visible\");",
                  "err": {
                    "message": "AssertionError: Timed out retrying after 4000ms: Expected to find element: `#main > div > div.woocommerce-notices-wrapper > ul > li`, but never found it.",
                    "estack": "AssertionError: Timed out retrying after 4000ms: Expected to find element: `#main > div > div.woocommerce-notices-wrapper > ul > li`, but never found it.\n    at Context.eval (webpack:///./cypress/e2e/Primeiro Test/Cadastro.cy.js:18:39)",
                    "diff": null
                  },
                  "uuid": "2e3dd4a2-40ac-4282-b241-5b4cb4ff6843",
                  "parentUUID": "3f7c4383-053e-4fb1-b2df-fc5f7ffad680",
                  "isHook": false,
                  "skipped": false
                }
              ],
              "suites": [],
              "passes": [
                "429c6ac8-c248-48ec-a64e-433f7b311b50"
              ],
              "failures": [
                "2e3dd4a2-40ac-4282-b241-5b4cb4ff6843"
              ],
              "pending": [],
              "skipped": [],
              "duration": 22364,
              "root": false,
              "rootEmpty": false,
              "_timeout": 2000
            },
            {
              "uuid": "9412894c-1ceb-4436-987c-c5be7cf4ca1e",
              "title": "Fazer login com usuário existente",
              "fullFile": "",
              "file": "",
              "beforeHooks": [],
              "afterHooks": [],
              "tests": [
                {
                  "title": "Given que eu visite a EBAC Store",
                  "fullTitle": "Cadastrando um novo usuário e fazendo login Fazer login com usuário existente Given que eu visite a EBAC Store",
                  "timedOut": null,
                  "duration": 2396,
                  "state": "passed",
                  "speed": "fast",
                  "pass": true,
                  "fail": false,
                  "pending": false,
                  "context": null,
                  "code": "",
                  "err": {},
                  "uuid": "9f50939f-99a6-4331-b4ea-3a096fab8ebd",
                  "parentUUID": "9412894c-1ceb-4436-987c-c5be7cf4ca1e",
                  "isHook": false,
                  "skipped": false
                },
                {
                  "title": "When eu colocar as credenciais já existentes de teste.testinha@gmail.com e 123456Jesus",
                  "fullTitle": "Cadastrando um novo usuário e fazendo login Fazer login com usuário existente When eu colocar as credenciais já existentes de teste.testinha@gmail.com e 123456Jesus",
                  "timedOut": null,
                  "duration": 7234,
                  "state": "passed",
                  "speed": "medium",
                  "pass": true,
                  "fail": false,
                  "pending": false,
                  "context": null,
                  "code": "CadastroPag.Login(dados.email, dados.senha);",
                  "err": {},
                  "uuid": "81a77306-335a-48eb-a75b-29be25eda4a2",
                  "parentUUID": "9412894c-1ceb-4436-987c-c5be7cf4ca1e",
                  "isHook": false,
                  "skipped": false
                },
                {
                  "title": "Then deve se tornar visível o dashboard de minha conta",
                  "fullTitle": "Cadastrando um novo usuário e fazendo login Fazer login com usuário existente Then deve se tornar visível o dashboard de minha conta",
                  "timedOut": null,
                  "duration": 2813,
                  "state": "passed",
                  "speed": "fast",
                  "pass": true,
                  "fail": false,
                  "pending": false,
                  "context": null,
                  "code": "dashboardPage.ConfirmName.should(\"be.visible\");",
                  "err": {},
                  "uuid": "6debd20c-531a-4f6b-b3c9-890857f76ba9",
                  "parentUUID": "9412894c-1ceb-4436-987c-c5be7cf4ca1e",
                  "isHook": false,
                  "skipped": false
                }
              ],
              "suites": [],
              "passes": [
                "9f50939f-99a6-4331-b4ea-3a096fab8ebd",
                "81a77306-335a-48eb-a75b-29be25eda4a2",
                "6debd20c-531a-4f6b-b3c9-890857f76ba9"
              ],
              "failures": [],
              "pending": [],
              "skipped": [],
              "duration": 12443,
              "root": false,
              "rootEmpty": false,
              "_timeout": 2000
            }
          ],
          "passes": [],
          "failures": [],
          "pending": [],
          "skipped": [],
          "duration": 0,
          "root": false,
          "rootEmpty": false,
          "_timeout": 2000
        }
      ],
      "passes": [],
      "failures": [],
      "pending": [],
      "skipped": [],
      "duration": 0,
      "root": true,
      "rootEmpty": true,
      "_timeout": 2000
    }
  ],
  "meta": {
    "mocha": {
      "version": "7.0.1"
    },
    "mochawesome": {
      "options": {
        "quiet": false,
        "reportFilename": "mochawesome",
        "saveHtml": false,
        "saveJson": true,
        "consoleReporter": "spec",
        "useInlineDiffs": false,
        "code": true
      },
      "version": "7.1.3"
    },
    "marge": {
      "options": {
        "reportDir": "cypress/results",
        "overwrite": false,
        "html": false,
        "json": true
      },
      "version": "6.2.0"
    }
  }
}